2018-09-10 18:24:19 Error: [PDOException] SQLSTATE[42000]: Syntax error or access violation: 1064 You have an error in your SQL syntax; check the manual that corresponds to your MySQL server version for the right syntax to use near 'AS `Users__last name`, Users.first name AS `Users__first name`, Users.program AS' at line 1
Request URL: /users
Stack Trace:
#0 C:\Program Files (x86)\Ampps\www\GestionStages\vendor\cakephp\cakephp\src\Database\Statement\MysqlStatement.php(39): PDOStatement->execute(NULL)
#1 C:\Program Files (x86)\Ampps\www\GestionStages\vendor\cakephp\cakephp\src\Database\Statement\StatementDecorator.php(195): Cake\Database\Statement\MysqlStatement->execute(NULL)
#2 C:\Program Files (x86)\Ampps\www\GestionStages\vendor\cakephp\cakephp\src\Database\Log\LoggingStatement.php(56): Cake\Database\Statement\StatementDecorator->execute(NULL)
#3 C:\Program Files (x86)\Ampps\www\GestionStages\vendor\cakephp\cakephp\src\Database\Connection.php(334): Cake\Database\Log\LoggingStatement->execute()
#4 C:\Program Files (x86)\Ampps\www\GestionStages\vendor\cakephp\cakephp\src\Core\Retry\CommandRetry.php(68): Cake\Database\Connection->Cake\Database\{closure}()
#5 C:\Program Files (x86)\Ampps\www\GestionStages\vendor\cakephp\cakephp\src\Database\Connection.php(337): Cake\Core\Retry\CommandRetry->run(Object(Closure))
#6 C:\Program Files (x86)\Ampps\www\GestionStages\vendor\cakephp\cakephp\src\Database\Query.php(219): Cake\Database\Connection->run(Object(Cake\ORM\Query))
#7 C:\Program Files (x86)\Ampps\www\GestionStages\vendor\cakephp\cakephp\src\ORM\Query.php(1127): Cake\Database\Query->execute()
#8 C:\Program Files (x86)\Ampps\www\GestionStages\vendor\cakephp\cakephp\src\Datasource\QueryTrait.php(309): Cake\ORM\Query->_execute()
#9 C:\Program Files (x86)\Ampps\www\GestionStages\vendor\cakephp\cakephp\src\ORM\Query.php(1074): Cake\ORM\Query->_all()
#10 C:\Program Files (x86)\Ampps\www\GestionStages\vendor\cakephp\cakephp\src\Datasource\Paginator.php(186): Cake\ORM\Query->all()
#11 C:\Program Files (x86)\Ampps\www\GestionStages\vendor\cakephp\cakephp\src\Controller\Component\PaginatorComponent.php(201): Cake\Datasource\Paginator->paginate(Object(App\Model\Table\UsersTable), Array, Array)
#12 C:\Program Files (x86)\Ampps\www\GestionStages\vendor\cakephp\cakephp\src\Controller\Controller.php(872): Cake\Controller\Component\PaginatorComponent->paginate(Object(App\Model\Table\UsersTable), Array)
#13 C:\Program Files (x86)\Ampps\www\GestionStages\src\Controller\UsersController.php(22): Cake\Controller\Controller->paginate(Object(App\Model\Table\UsersTable))
#14 C:\Program Files (x86)\Ampps\www\GestionStages\vendor\cakephp\cakephp\src\Controller\Controller.php(596): App\Controller\UsersController->index()
#15 C:\Program Files (x86)\Ampps\www\GestionStages\vendor\cakephp\cakephp\src\Http\ActionDispatcher.php(120): Cake\Controller\Controller->invokeAction()
#16 C:\Program Files (x86)\Ampps\www\GestionStages\vendor\cakephp\cakephp\src\Http\ActionDispatcher.php(94): Cake\Http\ActionDispatcher->_invoke(Object(App\Controller\UsersController))
#17 C:\Program Files (x86)\Ampps\www\GestionStages\vendor\cakephp\cakephp\src\Http\BaseApplication.php(235): Cake\Http\ActionDispatcher->dispatch(Object(Cake\Http\ServerRequest), Object(Cake\Http\Response))
#18 C:\Program Files (x86)\Ampps\www\GestionStages\vendor\cakephp\cakephp\src\Http\Runner.php(65): Cake\Http\BaseApplication->__invoke(Object(Cake\Http\ServerRequest), Object(Cake\Http\Response), Object(Cake\Http\Runner))
#19 C:\Program Files (x86)\Ampps\www\GestionStages\vendor\cakephp\cakephp\src\Http\Middleware\CsrfProtectionMiddleware.php(107): Cake\Http\Runner->__invoke(Object(Cake\Http\ServerRequest), Object(Cake\Http\Response))
#20 C:\Program Files (x86)\Ampps\www\GestionStages\vendor\cakephp\cakephp\src\Http\Runner.php(65): Cake\Http\Middleware\CsrfProtectionMiddleware->__invoke(Object(Cake\Http\ServerRequest), Object(Cake\Http\Response), Object(Cake\Http\Runner))
#21 C:\Program Files (x86)\Ampps\www\GestionStages\vendor\cakephp\cakephp\src\Routing\Middleware\RoutingMiddleware.php(156): Cake\Http\Runner->__invoke(Object(Cake\Http\ServerRequest), Object(Cake\Http\Response))
#22 C:\Program Files (x86)\Ampps\www\GestionStages\vendor\cakephp\cakephp\src\Http\Runner.php(65): Cake\Routing\Middleware\RoutingMiddleware->__invoke(Object(Cake\Http\ServerRequest), Object(Cake\Http\Response), Object(Cake\Http\Runner))
#23 C:\Program Files (x86)\Ampps\www\GestionStages\vendor\cakephp\cakephp\src\Routing\Middleware\AssetMiddleware.php(88): Cake\Http\Runner->__invoke(Object(Cake\Http\ServerRequest), Object(Cake\Http\Response))
#24 C:\Program Files (x86)\Ampps\www\GestionStages\vendor\cakephp\cakephp\src\Http\Runner.php(65): Cake\Routing\Middleware\AssetMiddleware->__invoke(Object(Cake\Http\ServerRequest), Object(Cake\Http\Response), Object(Cake\Http\Runner))
#25 C:\Program Files (x86)\Ampps\www\GestionStages\vendor\cakephp\cakephp\src\Error\Middleware\ErrorHandlerMiddleware.php(98): Cake\Http\Runner->__invoke(Object(Cake\Http\ServerRequest), Object(Cake\Http\Response))
#26 C:\Program Files (x86)\Ampps\www\GestionStages\vendor\cakephp\cakephp\src\Http\Runner.php(65): Cake\Error\Middleware\ErrorHandlerMiddleware->__invoke(Object(Cake\Http\ServerRequest), Object(Cake\Http\Response), Object(Cake\Http\Runner))
#27 C:\Program Files (x86)\Ampps\www\GestionStages\vendor\cakephp\debug_kit\src\Middleware\DebugKitMiddleware.php(53): Cake\Http\Runner->__invoke(Object(Cake\Http\ServerRequest), Object(Cake\Http\Response))
#28 C:\Program Files (x86)\Ampps\www\GestionStages\vendor\cakephp\cakephp\src\Http\Runner.php(65): DebugKit\Middleware\DebugKitMiddleware->__invoke(Object(Cake\Http\ServerRequest), Object(Cake\Http\Response), Object(Cake\Http\Runner))
#29 C:\Program Files (x86)\Ampps\www\GestionStages\vendor\cakephp\cakephp\src\Http\Runner.php(51): Cake\Http\Runner->__invoke(Object(Cake\Http\ServerRequest), Object(Cake\Http\Response))
#30 C:\Program Files (x86)\Ampps\www\GestionStages\vendor\cakephp\cakephp\src\Http\Server.php(98): Cake\Http\Runner->run(Object(Cake\Http\MiddlewareQueue), Object(Cake\Http\ServerRequest), Object(Cake\Http\Response))
#31 C:\Program Files (x86)\Ampps\www\GestionStages\webroot\index.php(40): Cake\Http\Server->run()
#32 {main}


2018-09-10 18:24:31 Error: [Cake\Routing\Exception\MissingControllerException] Controller class User could not be found.
Exception Attributes: array (
  'class' => 'User',
  'plugin' => false,
  'prefix' => false,
  '_ext' => false,
)
Request URL: /user
Stack Trace:
#0 C:\Program Files (x86)\Ampps\www\GestionStages\vendor\cakephp\cakephp\src\Http\ControllerFactory.php(39): Cake\Http\ControllerFactory->missingController(Object(Cake\Http\ServerRequest))
#1 C:\Program Files (x86)\Ampps\www\GestionStages\vendor\cakephp\cakephp\src\Http\ActionDispatcher.php(91): Cake\Http\ControllerFactory->create(Object(Cake\Http\ServerRequest), Object(Cake\Http\Response))
#2 C:\Program Files (x86)\Ampps\www\GestionStages\vendor\cakephp\cakephp\src\Http\BaseApplication.php(235): Cake\Http\ActionDispatcher->dispatch(Object(Cake\Http\ServerRequest), Object(Cake\Http\Response))
#3 C:\Program Files (x86)\Ampps\www\GestionStages\vendor\cakephp\cakephp\src\Http\Runner.php(65): Cake\Http\BaseApplication->__invoke(Object(Cake\Http\ServerRequest), Object(Cake\Http\Response), Object(Cake\Http\Runner))
#4 C:\Program Files (x86)\Ampps\www\GestionStages\vendor\cakephp\cakephp\src\Http\Middleware\CsrfProtectionMiddleware.php(107): Cake\Http\Runner->__invoke(Object(Cake\Http\ServerRequest), Object(Cake\Http\Response))
#5 C:\Program Files (x86)\Ampps\www\GestionStages\vendor\cakephp\cakephp\src\Http\Runner.php(65): Cake\Http\Middleware\CsrfProtectionMiddleware->__invoke(Object(Cake\Http\ServerRequest), Object(Cake\Http\Response), Object(Cake\Http\Runner))
#6 C:\Program Files (x86)\Ampps\www\GestionStages\vendor\cakephp\cakephp\src\Routing\Middleware\RoutingMiddleware.php(156): Cake\Http\Runner->__invoke(Object(Cake\Http\ServerRequest), Object(Cake\Http\Response))
#7 C:\Program Files (x86)\Ampps\www\GestionStages\vendor\cakephp\cakephp\src\Http\Runner.php(65): Cake\Routing\Middleware\RoutingMiddleware->__invoke(Object(Cake\Http\ServerRequest), Object(Cake\Http\Response), Object(Cake\Http\Runner))
#8 C:\Program Files (x86)\Ampps\www\GestionStages\vendor\cakephp\cakephp\src\Routing\Middleware\AssetMiddleware.php(88): Cake\Http\Runner->__invoke(Object(Cake\Http\ServerRequest), Object(Cake\Http\Response))
#9 C:\Program Files (x86)\Ampps\www\GestionStages\vendor\cakephp\cakephp\src\Http\Runner.php(65): Cake\Routing\Middleware\AssetMiddleware->__invoke(Object(Cake\Http\ServerRequest), Object(Cake\Http\Response), Object(Cake\Http\Runner))
#10 C:\Program Files (x86)\Ampps\www\GestionStages\vendor\cakephp\cakephp\src\Error\Middleware\ErrorHandlerMiddleware.php(98): Cake\Http\Runner->__invoke(Object(Cake\Http\ServerRequest), Object(Cake\Http\Response))
#11 C:\Program Files (x86)\Ampps\www\GestionStages\vendor\cakephp\cakephp\src\Http\Runner.php(65): Cake\Error\Middleware\ErrorHandlerMiddleware->__invoke(Object(Cake\Http\ServerRequest), Object(Cake\Http\Response), Object(Cake\Http\Runner))
#12 C:\Program Files (x86)\Ampps\www\GestionStages\vendor\cakephp\debug_kit\src\Middleware\DebugKitMiddleware.php(53): Cake\Http\Runner->__invoke(Object(Cake\Http\ServerRequest), Object(Cake\Http\Response))
#13 C:\Program Files (x86)\Ampps\www\GestionStages\vendor\cakephp\cakephp\src\Http\Runner.php(65): DebugKit\Middleware\DebugKitMiddleware->__invoke(Object(Cake\Http\ServerRequest), Object(Cake\Http\Response), Object(Cake\Http\Runner))
#14 C:\Program Files (x86)\Ampps\www\GestionStages\vendor\cakephp\cakephp\src\Http\Runner.php(51): Cake\Http\Runner->__invoke(Object(Cake\Http\ServerRequest), Object(Cake\Http\Response))
#15 C:\Program Files (x86)\Ampps\www\GestionStages\vendor\cakephp\cakephp\src\Http\Server.php(98): Cake\Http\Runner->run(Object(Cake\Http\MiddlewareQueue), Object(Cake\Http\ServerRequest), Object(Cake\Http\Response))
#16 C:\Program Files (x86)\Ampps\www\GestionStages\webroot\index.php(40): Cake\Http\Server->run()
#17 {main}


2018-09-10 18:24:39 Error: [Cake\Routing\Exception\MissingControllerException] Controller class Offers could not be found.
Exception Attributes: array (
  'class' => 'Offers',
  'plugin' => false,
  'prefix' => false,
  '_ext' => false,
)
Request URL: /offers
Stack Trace:
#0 C:\Program Files (x86)\Ampps\www\GestionStages\vendor\cakephp\cakephp\src\Http\ControllerFactory.php(39): Cake\Http\ControllerFactory->missingController(Object(Cake\Http\ServerRequest))
#1 C:\Program Files (x86)\Ampps\www\GestionStages\vendor\cakephp\cakephp\src\Http\ActionDispatcher.php(91): Cake\Http\ControllerFactory->create(Object(Cake\Http\ServerRequest), Object(Cake\Http\Response))
#2 C:\Program Files (x86)\Ampps\www\GestionStages\vendor\cakephp\cakephp\src\Http\BaseApplication.php(235): Cake\Http\ActionDispatcher->dispatch(Object(Cake\Http\ServerRequest), Object(Cake\Http\Response))
#3 C:\Program Files (x86)\Ampps\www\GestionStages\vendor\cakephp\cakephp\src\Http\Runner.php(65): Cake\Http\BaseApplication->__invoke(Object(Cake\Http\ServerRequest), Object(Cake\Http\Response), Object(Cake\Http\Runner))
#4 C:\Program Files (x86)\Ampps\www\GestionStages\vendor\cakephp\cakephp\src\Http\Middleware\CsrfProtectionMiddleware.php(107): Cake\Http\Runner->__invoke(Object(Cake\Http\ServerRequest), Object(Cake\Http\Response))
#5 C:\Program Files (x86)\Ampps\www\GestionStages\vendor\cakephp\cakephp\src\Http\Runner.php(65): Cake\Http\Middleware\CsrfProtectionMiddleware->__invoke(Object(Cake\Http\ServerRequest), Object(Cake\Http\Response), Object(Cake\Http\Runner))
#6 C:\Program Files (x86)\Ampps\www\GestionStages\vendor\cakephp\cakephp\src\Routing\Middleware\RoutingMiddleware.php(156): Cake\Http\Runner->__invoke(Object(Cake\Http\ServerRequest), Object(Cake\Http\Response))
#7 C:\Program Files (x86)\Ampps\www\GestionStages\vendor\cakephp\cakephp\src\Http\Runner.php(65): Cake\Routing\Middleware\RoutingMiddleware->__invoke(Object(Cake\Http\ServerRequest), Object(Cake\Http\Response), Object(Cake\Http\Runner))
#8 C:\Program Files (x86)\Ampps\www\GestionStages\vendor\cakephp\cakephp\src\Routing\Middleware\AssetMiddleware.php(88): Cake\Http\Runner->__invoke(Object(Cake\Http\ServerRequest), Object(Cake\Http\Response))
#9 C:\Program Files (x86)\Ampps\www\GestionStages\vendor\cakephp\cakephp\src\Http\Runner.php(65): Cake\Routing\Middleware\AssetMiddleware->__invoke(Object(Cake\Http\ServerRequest), Object(Cake\Http\Response), Object(Cake\Http\Runner))
#10 C:\Program Files (x86)\Ampps\www\GestionStages\vendor\cakephp\cakephp\src\Error\Middleware\ErrorHandlerMiddleware.php(98): Cake\Http\Runner->__invoke(Object(Cake\Http\ServerRequest), Object(Cake\Http\Response))
#11 C:\Program Files (x86)\Ampps\www\GestionStages\vendor\cakephp\cakephp\src\Http\Runner.php(65): Cake\Error\Middleware\ErrorHandlerMiddleware->__invoke(Object(Cake\Http\ServerRequest), Object(Cake\Http\Response), Object(Cake\Http\Runner))
#12 C:\Program Files (x86)\Ampps\www\GestionStages\vendor\cakephp\debug_kit\src\Middleware\DebugKitMiddleware.php(53): Cake\Http\Runner->__invoke(Object(Cake\Http\ServerRequest), Object(Cake\Http\Response))
#13 C:\Program Files (x86)\Ampps\www\GestionStages\vendor\cakephp\cakephp\src\Http\Runner.php(65): DebugKit\Middleware\DebugKitMiddleware->__invoke(Object(Cake\Http\ServerRequest), Object(Cake\Http\Response), Object(Cake\Http\Runner))
#14 C:\Program Files (x86)\Ampps\www\GestionStages\vendor\cakephp\cakephp\src\Http\Runner.php(51): Cake\Http\Runner->__invoke(Object(Cake\Http\ServerRequest), Object(Cake\Http\Response))
#15 C:\Program Files (x86)\Ampps\www\GestionStages\vendor\cakephp\cakephp\src\Http\Server.php(98): Cake\Http\Runner->run(Object(Cake\Http\MiddlewareQueue), Object(Cake\Http\ServerRequest), Object(Cake\Http\Response))
#16 C:\Program Files (x86)\Ampps\www\GestionStages\webroot\index.php(40): Cake\Http\Server->run()
#17 {main}


2018-09-10 18:24:51 Error: [PDOException] SQLSTATE[42000]: Syntax error or access violation: 1064 You have an error in your SQL syntax; check the manual that corresponds to your MySQL server version for the right syntax to use near 'AS `Users__last name`, Users.first name AS `Users__first name`, Users.program AS' at line 1
Request URL: /Users
Stack Trace:
#0 C:\Program Files (x86)\Ampps\www\GestionStages\vendor\cakephp\cakephp\src\Database\Statement\MysqlStatement.php(39): PDOStatement->execute(NULL)
#1 C:\Program Files (x86)\Ampps\www\GestionStages\vendor\cakephp\cakephp\src\Database\Statement\StatementDecorator.php(195): Cake\Database\Statement\MysqlStatement->execute(NULL)
#2 C:\Program Files (x86)\Ampps\www\GestionStages\vendor\cakephp\cakephp\src\Database\Log\LoggingStatement.php(56): Cake\Database\Statement\StatementDecorator->execute(NULL)
#3 C:\Program Files (x86)\Ampps\www\GestionStages\vendor\cakephp\cakephp\src\Database\Connection.php(334): Cake\Database\Log\LoggingStatement->execute()
#4 C:\Program Files (x86)\Ampps\www\GestionStages\vendor\cakephp\cakephp\src\Core\Retry\CommandRetry.php(68): Cake\Database\Connection->Cake\Database\{closure}()
#5 C:\Program Files (x86)\Ampps\www\GestionStages\vendor\cakephp\cakephp\src\Database\Connection.php(337): Cake\Core\Retry\CommandRetry->run(Object(Closure))
#6 C:\Program Files (x86)\Ampps\www\GestionStages\vendor\cakephp\cakephp\src\Database\Query.php(219): Cake\Database\Connection->run(Object(Cake\ORM\Query))
#7 C:\Program Files (x86)\Ampps\www\GestionStages\vendor\cakephp\cakephp\src\ORM\Query.php(1127): Cake\Database\Query->execute()
#8 C:\Program Files (x86)\Ampps\www\GestionStages\vendor\cakephp\cakephp\src\Datasource\QueryTrait.php(309): Cake\ORM\Query->_execute()
#9 C:\Program Files (x86)\Ampps\www\GestionStages\vendor\cakephp\cakephp\src\ORM\Query.php(1074): Cake\ORM\Query->_all()
#10 C:\Program Files (x86)\Ampps\www\GestionStages\vendor\cakephp\cakephp\src\Datasource\Paginator.php(186): Cake\ORM\Query->all()
#11 C:\Program Files (x86)\Ampps\www\GestionStages\vendor\cakephp\cakephp\src\Controller\Component\PaginatorComponent.php(201): Cake\Datasource\Paginator->paginate(Object(App\Model\Table\UsersTable), Array, Array)
#12 C:\Program Files (x86)\Ampps\www\GestionStages\vendor\cakephp\cakephp\src\Controller\Controller.php(872): Cake\Controller\Component\PaginatorComponent->paginate(Object(App\Model\Table\UsersTable), Array)
#13 C:\Program Files (x86)\Ampps\www\GestionStages\src\Controller\UsersController.php(22): Cake\Controller\Controller->paginate(Object(App\Model\Table\UsersTable))
#14 C:\Program Files (x86)\Ampps\www\GestionStages\vendor\cakephp\cakephp\src\Controller\Controller.php(596): App\Controller\UsersController->index()
#15 C:\Program Files (x86)\Ampps\www\GestionStages\vendor\cakephp\cakephp\src\Http\ActionDispatcher.php(120): Cake\Controller\Controller->invokeAction()
#16 C:\Program Files (x86)\Ampps\www\GestionStages\vendor\cakephp\cakephp\src\Http\ActionDispatcher.php(94): Cake\Http\ActionDispatcher->_invoke(Object(App\Controller\UsersController))
#17 C:\Program Files (x86)\Ampps\www\GestionStages\vendor\cakephp\cakephp\src\Http\BaseApplication.php(235): Cake\Http\ActionDispatcher->dispatch(Object(Cake\Http\ServerRequest), Object(Cake\Http\Response))
#18 C:\Program Files (x86)\Ampps\www\GestionStages\vendor\cakephp\cakephp\src\Http\Runner.php(65): Cake\Http\BaseApplication->__invoke(Object(Cake\Http\ServerRequest), Object(Cake\Http\Response), Object(Cake\Http\Runner))
#19 C:\Program Files (x86)\Ampps\www\GestionStages\vendor\cakephp\cakephp\src\Http\Middleware\CsrfProtectionMiddleware.php(107): Cake\Http\Runner->__invoke(Object(Cake\Http\ServerRequest), Object(Cake\Http\Response))
#20 C:\Program Files (x86)\Ampps\www\GestionStages\vendor\cakephp\cakephp\src\Http\Runner.php(65): Cake\Http\Middleware\CsrfProtectionMiddleware->__invoke(Object(Cake\Http\ServerRequest), Object(Cake\Http\Response), Object(Cake\Http\Runner))
#21 C:\Program Files (x86)\Ampps\www\GestionStages\vendor\cakephp\cakephp\src\Routing\Middleware\RoutingMiddleware.php(156): Cake\Http\Runner->__invoke(Object(Cake\Http\ServerRequest), Object(Cake\Http\Response))
#22 C:\Program Files (x86)\Ampps\www\GestionStages\vendor\cakephp\cakephp\src\Http\Runner.php(65): Cake\Routing\Middleware\RoutingMiddleware->__invoke(Object(Cake\Http\ServerRequest), Object(Cake\Http\Response), Object(Cake\Http\Runner))
#23 C:\Program Files (x86)\Ampps\www\GestionStages\vendor\cakephp\cakephp\src\Routing\Middleware\AssetMiddleware.php(88): Cake\Http\Runner->__invoke(Object(Cake\Http\ServerRequest), Object(Cake\Http\Response))
#24 C:\Program Files (x86)\Ampps\www\GestionStages\vendor\cakephp\cakephp\src\Http\Runner.php(65): Cake\Routing\Middleware\AssetMiddleware->__invoke(Object(Cake\Http\ServerRequest), Object(Cake\Http\Response), Object(Cake\Http\Runner))
#25 C:\Program Files (x86)\Ampps\www\GestionStages\vendor\cakephp\cakephp\src\Error\Middleware\ErrorHandlerMiddleware.php(98): Cake\Http\Runner->__invoke(Object(Cake\Http\ServerRequest), Object(Cake\Http\Response))
#26 C:\Program Files (x86)\Ampps\www\GestionStages\vendor\cakephp\cakephp\src\Http\Runner.php(65): Cake\Error\Middleware\ErrorHandlerMiddleware->__invoke(Object(Cake\Http\ServerRequest), Object(Cake\Http\Response), Object(Cake\Http\Runner))
#27 C:\Program Files (x86)\Ampps\www\GestionStages\vendor\cakephp\debug_kit\src\Middleware\DebugKitMiddleware.php(53): Cake\Http\Runner->__invoke(Object(Cake\Http\ServerRequest), Object(Cake\Http\Response))
#28 C:\Program Files (x86)\Ampps\www\GestionStages\vendor\cakephp\cakephp\src\Http\Runner.php(65): DebugKit\Middleware\DebugKitMiddleware->__invoke(Object(Cake\Http\ServerRequest), Object(Cake\Http\Response), Object(Cake\Http\Runner))
#29 C:\Program Files (x86)\Ampps\www\GestionStages\vendor\cakephp\cakephp\src\Http\Runner.php(51): Cake\Http\Runner->__invoke(Object(Cake\Http\ServerRequest), Object(Cake\Http\Response))
#30 C:\Program Files (x86)\Ampps\www\GestionStages\vendor\cakephp\cakephp\src\Http\Server.php(98): Cake\Http\Runner->run(Object(Cake\Http\MiddlewareQueue), Object(Cake\Http\ServerRequest), Object(Cake\Http\Response))
#31 C:\Program Files (x86)\Ampps\www\GestionStages\webroot\index.php(40): Cake\Http\Server->run()
#32 {main}


2018-09-10 18:25:13 Error: [PDOException] SQLSTATE[42000]: Syntax error or access violation: 1064 You have an error in your SQL syntax; check the manual that corresponds to your MySQL server version for the right syntax to use near 'AS `Offres__jobs open`, Offres.slug AS `Offres__slug`, Offres.created AS `Offres' at line 1
Request URL: /Offres
Stack Trace:
#0 C:\Program Files (x86)\Ampps\www\GestionStages\vendor\cakephp\cakephp\src\Database\Statement\MysqlStatement.php(39): PDOStatement->execute(NULL)
#1 C:\Program Files (x86)\Ampps\www\GestionStages\vendor\cakephp\cakephp\src\Database\Statement\StatementDecorator.php(195): Cake\Database\Statement\MysqlStatement->execute(NULL)
#2 C:\Program Files (x86)\Ampps\www\GestionStages\vendor\cakephp\cakephp\src\Database\Log\LoggingStatement.php(56): Cake\Database\Statement\StatementDecorator->execute(NULL)
#3 C:\Program Files (x86)\Ampps\www\GestionStages\vendor\cakephp\cakephp\src\Database\Connection.php(334): Cake\Database\Log\LoggingStatement->execute()
#4 C:\Program Files (x86)\Ampps\www\GestionStages\vendor\cakephp\cakephp\src\Core\Retry\CommandRetry.php(68): Cake\Database\Connection->Cake\Database\{closure}()
#5 C:\Program Files (x86)\Ampps\www\GestionStages\vendor\cakephp\cakephp\src\Database\Connection.php(337): Cake\Core\Retry\CommandRetry->run(Object(Closure))
#6 C:\Program Files (x86)\Ampps\www\GestionStages\vendor\cakephp\cakephp\src\Database\Query.php(219): Cake\Database\Connection->run(Object(Cake\ORM\Query))
#7 C:\Program Files (x86)\Ampps\www\GestionStages\vendor\cakephp\cakephp\src\ORM\Query.php(1127): Cake\Database\Query->execute()
#8 C:\Program Files (x86)\Ampps\www\GestionStages\vendor\cakephp\cakephp\src\Datasource\QueryTrait.php(309): Cake\ORM\Query->_execute()
#9 C:\Program Files (x86)\Ampps\www\GestionStages\vendor\cakephp\cakephp\src\ORM\Query.php(1074): Cake\ORM\Query->_all()
#10 C:\Program Files (x86)\Ampps\www\GestionStages\vendor\cakephp\cakephp\src\Datasource\Paginator.php(186): Cake\ORM\Query->all()
#11 C:\Program Files (x86)\Ampps\www\GestionStages\vendor\cakephp\cakephp\src\Controller\Component\PaginatorComponent.php(201): Cake\Datasource\Paginator->paginate(Object(App\Model\Table\OffresTable), Array, Array)
#12 C:\Program Files (x86)\Ampps\www\GestionStages\vendor\cakephp\cakephp\src\Controller\Controller.php(872): Cake\Controller\Component\PaginatorComponent->paginate(Object(App\Model\Table\OffresTable), Array)
#13 C:\Program Files (x86)\Ampps\www\GestionStages\src\Controller\OffresController.php(22): Cake\Controller\Controller->paginate(Object(App\Model\Table\OffresTable))
#14 C:\Program Files (x86)\Ampps\www\GestionStages\vendor\cakephp\cakephp\src\Controller\Controller.php(596): App\Controller\OffresController->index()
#15 C:\Program Files (x86)\Ampps\www\GestionStages\vendor\cakephp\cakephp\src\Http\ActionDispatcher.php(120): Cake\Controller\Controller->invokeAction()
#16 C:\Program Files (x86)\Ampps\www\GestionStages\vendor\cakephp\cakephp\src\Http\ActionDispatcher.php(94): Cake\Http\ActionDispatcher->_invoke(Object(App\Controller\OffresController))
#17 C:\Program Files (x86)\Ampps\www\GestionStages\vendor\cakephp\cakephp\src\Http\BaseApplication.php(235): Cake\Http\ActionDispatcher->dispatch(Object(Cake\Http\ServerRequest), Object(Cake\Http\Response))
#18 C:\Program Files (x86)\Ampps\www\GestionStages\vendor\cakephp\cakephp\src\Http\Runner.php(65): Cake\Http\BaseApplication->__invoke(Object(Cake\Http\ServerRequest), Object(Cake\Http\Response), Object(Cake\Http\Runner))
#19 C:\Program Files (x86)\Ampps\www\GestionStages\vendor\cakephp\cakephp\src\Http\Middleware\CsrfProtectionMiddleware.php(107): Cake\Http\Runner->__invoke(Object(Cake\Http\ServerRequest), Object(Cake\Http\Response))
#20 C:\Program Files (x86)\Ampps\www\GestionStages\vendor\cakephp\cakephp\src\Http\Runner.php(65): Cake\Http\Middleware\CsrfProtectionMiddleware->__invoke(Object(Cake\Http\ServerRequest), Object(Cake\Http\Response), Object(Cake\Http\Runner))
#21 C:\Program Files (x86)\Ampps\www\GestionStages\vendor\cakephp\cakephp\src\Routing\Middleware\RoutingMiddleware.php(156): Cake\Http\Runner->__invoke(Object(Cake\Http\ServerRequest), Object(Cake\Http\Response))
#22 C:\Program Files (x86)\Ampps\www\GestionStages\vendor\cakephp\cakephp\src\Http\Runner.php(65): Cake\Routing\Middleware\RoutingMiddleware->__invoke(Object(Cake\Http\ServerRequest), Object(Cake\Http\Response), Object(Cake\Http\Runner))
#23 C:\Program Files (x86)\Ampps\www\GestionStages\vendor\cakephp\cakephp\src\Routing\Middleware\AssetMiddleware.php(88): Cake\Http\Runner->__invoke(Object(Cake\Http\ServerRequest), Object(Cake\Http\Response))
#24 C:\Program Files (x86)\Ampps\www\GestionStages\vendor\cakephp\cakephp\src\Http\Runner.php(65): Cake\Routing\Middleware\AssetMiddleware->__invoke(Object(Cake\Http\ServerRequest), Object(Cake\Http\Response), Object(Cake\Http\Runner))
#25 C:\Program Files (x86)\Ampps\www\GestionStages\vendor\cakephp\cakephp\src\Error\Middleware\ErrorHandlerMiddleware.php(98): Cake\Http\Runner->__invoke(Object(Cake\Http\ServerRequest), Object(Cake\Http\Response))
#26 C:\Program Files (x86)\Ampps\www\GestionStages\vendor\cakephp\cakephp\src\Http\Runner.php(65): Cake\Error\Middleware\ErrorHandlerMiddleware->__invoke(Object(Cake\Http\ServerRequest), Object(Cake\Http\Response), Object(Cake\Http\Runner))
#27 C:\Program Files (x86)\Ampps\www\GestionStages\vendor\cakephp\debug_kit\src\Middleware\DebugKitMiddleware.php(53): Cake\Http\Runner->__invoke(Object(Cake\Http\ServerRequest), Object(Cake\Http\Response))
#28 C:\Program Files (x86)\Ampps\www\GestionStages\vendor\cakephp\cakephp\src\Http\Runner.php(65): DebugKit\Middleware\DebugKitMiddleware->__invoke(Object(Cake\Http\ServerRequest), Object(Cake\Http\Response), Object(Cake\Http\Runner))
#29 C:\Program Files (x86)\Ampps\www\GestionStages\vendor\cakephp\cakephp\src\Http\Runner.php(51): Cake\Http\Runner->__invoke(Object(Cake\Http\ServerRequest), Object(Cake\Http\Response))
#30 C:\Program Files (x86)\Ampps\www\GestionStages\vendor\cakephp\cakephp\src\Http\Server.php(98): Cake\Http\Runner->run(Object(Cake\Http\MiddlewareQueue), Object(Cake\Http\ServerRequest), Object(Cake\Http\Response))
#31 C:\Program Files (x86)\Ampps\www\GestionStages\webroot\index.php(40): Cake\Http\Server->run()
#32 {main}


2018-09-10 18:25:39 Error: [PDOException] SQLSTATE[42000]: Syntax error or access violation: 1064 You have an error in your SQL syntax; check the manual that corresponds to your MySQL server version for the right syntax to use near 'AS `Users__last name`, Users.first name AS `Users__first name`, Users.program AS' at line 1
Request URL: /Users
Stack Trace:
#0 C:\Program Files (x86)\Ampps\www\GestionStages\vendor\cakephp\cakephp\src\Database\Statement\MysqlStatement.php(39): PDOStatement->execute(NULL)
#1 C:\Program Files (x86)\Ampps\www\GestionStages\vendor\cakephp\cakephp\src\Database\Statement\StatementDecorator.php(195): Cake\Database\Statement\MysqlStatement->execute(NULL)
#2 C:\Program Files (x86)\Ampps\www\GestionStages\vendor\cakephp\cakephp\src\Database\Log\LoggingStatement.php(56): Cake\Database\Statement\StatementDecorator->execute(NULL)
#3 C:\Program Files (x86)\Ampps\www\GestionStages\vendor\cakephp\cakephp\src\Database\Connection.php(334): Cake\Database\Log\LoggingStatement->execute()
#4 C:\Program Files (x86)\Ampps\www\GestionStages\vendor\cakephp\cakephp\src\Core\Retry\CommandRetry.php(68): Cake\Database\Connection->Cake\Database\{closure}()
#5 C:\Program Files (x86)\Ampps\www\GestionStages\vendor\cakephp\cakephp\src\Database\Connection.php(337): Cake\Core\Retry\CommandRetry->run(Object(Closure))
#6 C:\Program Files (x86)\Ampps\www\GestionStages\vendor\cakephp\cakephp\src\Database\Query.php(219): Cake\Database\Connection->run(Object(Cake\ORM\Query))
#7 C:\Program Files (x86)\Ampps\www\GestionStages\vendor\cakephp\cakephp\src\ORM\Query.php(1127): Cake\Database\Query->execute()
#8 C:\Program Files (x86)\Ampps\www\GestionStages\vendor\cakephp\cakephp\src\Datasource\QueryTrait.php(309): Cake\ORM\Query->_execute()
#9 C:\Program Files (x86)\Ampps\www\GestionStages\vendor\cakephp\cakephp\src\ORM\Query.php(1074): Cake\ORM\Query->_all()
#10 C:\Program Files (x86)\Ampps\www\GestionStages\vendor\cakephp\cakephp\src\Datasource\Paginator.php(186): Cake\ORM\Query->all()
#11 C:\Program Files (x86)\Ampps\www\GestionStages\vendor\cakephp\cakephp\src\Controller\Component\PaginatorComponent.php(201): Cake\Datasource\Paginator->paginate(Object(App\Model\Table\UsersTable), Array, Array)
#12 C:\Program Files (x86)\Ampps\www\GestionStages\vendor\cakephp\cakephp\src\Controller\Controller.php(872): Cake\Controller\Component\PaginatorComponent->paginate(Object(App\Model\Table\UsersTable), Array)
#13 C:\Program Files (x86)\Ampps\www\GestionStages\src\Controller\UsersController.php(22): Cake\Controller\Controller->paginate(Object(App\Model\Table\UsersTable))
#14 C:\Program Files (x86)\Ampps\www\GestionStages\vendor\cakephp\cakephp\src\Controller\Controller.php(596): App\Controller\UsersController->index()
#15 C:\Program Files (x86)\Ampps\www\GestionStages\vendor\cakephp\cakephp\src\Http\ActionDispatcher.php(120): Cake\Controller\Controller->invokeAction()
#16 C:\Program Files (x86)\Ampps\www\GestionStages\vendor\cakephp\cakephp\src\Http\ActionDispatcher.php(94): Cake\Http\ActionDispatcher->_invoke(Object(App\Controller\UsersController))
#17 C:\Program Files (x86)\Ampps\www\GestionStages\vendor\cakephp\cakephp\src\Http\BaseApplication.php(235): Cake\Http\ActionDispatcher->dispatch(Object(Cake\Http\ServerRequest), Object(Cake\Http\Response))
#18 C:\Program Files (x86)\Ampps\www\GestionStages\vendor\cakephp\cakephp\src\Http\Runner.php(65): Cake\Http\BaseApplication->__invoke(Object(Cake\Http\ServerRequest), Object(Cake\Http\Response), Object(Cake\Http\Runner))
#19 C:\Program Files (x86)\Ampps\www\GestionStages\vendor\cakephp\cakephp\src\Http\Middleware\CsrfProtectionMiddleware.php(107): Cake\Http\Runner->__invoke(Object(Cake\Http\ServerRequest), Object(Cake\Http\Response))
#20 C:\Program Files (x86)\Ampps\www\GestionStages\vendor\cakephp\cakephp\src\Http\Runner.php(65): Cake\Http\Middleware\CsrfProtectionMiddleware->__invoke(Object(Cake\Http\ServerRequest), Object(Cake\Http\Response), Object(Cake\Http\Runner))
#21 C:\Program Files (x86)\Ampps\www\GestionStages\vendor\cakephp\cakephp\src\Routing\Middleware\RoutingMiddleware.php(156): Cake\Http\Runner->__invoke(Object(Cake\Http\ServerRequest), Object(Cake\Http\Response))
#22 C:\Program Files (x86)\Ampps\www\GestionStages\vendor\cakephp\cakephp\src\Http\Runner.php(65): Cake\Routing\Middleware\RoutingMiddleware->__invoke(Object(Cake\Http\ServerRequest), Object(Cake\Http\Response), Object(Cake\Http\Runner))
#23 C:\Program Files (x86)\Ampps\www\GestionStages\vendor\cakephp\cakephp\src\Routing\Middleware\AssetMiddleware.php(88): Cake\Http\Runner->__invoke(Object(Cake\Http\ServerRequest), Object(Cake\Http\Response))
#24 C:\Program Files (x86)\Ampps\www\GestionStages\vendor\cakephp\cakephp\src\Http\Runner.php(65): Cake\Routing\Middleware\AssetMiddleware->__invoke(Object(Cake\Http\ServerRequest), Object(Cake\Http\Response), Object(Cake\Http\Runner))
#25 C:\Program Files (x86)\Ampps\www\GestionStages\vendor\cakephp\cakephp\src\Error\Middleware\ErrorHandlerMiddleware.php(98): Cake\Http\Runner->__invoke(Object(Cake\Http\ServerRequest), Object(Cake\Http\Response))
#26 C:\Program Files (x86)\Ampps\www\GestionStages\vendor\cakephp\cakephp\src\Http\Runner.php(65): Cake\Error\Middleware\ErrorHandlerMiddleware->__invoke(Object(Cake\Http\ServerRequest), Object(Cake\Http\Response), Object(Cake\Http\Runner))
#27 C:\Program Files (x86)\Ampps\www\GestionStages\vendor\cakephp\debug_kit\src\Middleware\DebugKitMiddleware.php(53): Cake\Http\Runner->__invoke(Object(Cake\Http\ServerRequest), Object(Cake\Http\Response))
#28 C:\Program Files (x86)\Ampps\www\GestionStages\vendor\cakephp\cakephp\src\Http\Runner.php(65): DebugKit\Middleware\DebugKitMiddleware->__invoke(Object(Cake\Http\ServerRequest), Object(Cake\Http\Response), Object(Cake\Http\Runner))
#29 C:\Program Files (x86)\Ampps\www\GestionStages\vendor\cakephp\cakephp\src\Http\Runner.php(51): Cake\Http\Runner->__invoke(Object(Cake\Http\ServerRequest), Object(Cake\Http\Response))
#30 C:\Program Files (x86)\Ampps\www\GestionStages\vendor\cakephp\cakephp\src\Http\Server.php(98): Cake\Http\Runner->run(Object(Cake\Http\MiddlewareQueue), Object(Cake\Http\ServerRequest), Object(Cake\Http\Response))
#31 C:\Program Files (x86)\Ampps\www\GestionStages\webroot\index.php(40): Cake\Http\Server->run()
#32 {main}


2018-09-10 18:27:29 Error: [Cake\Routing\Exception\MissingControllerException] Controller class Candiatures could not be found.
Exception Attributes: array (
  'class' => 'Candiatures',
  'plugin' => false,
  'prefix' => false,
  '_ext' => false,
)
Request URL: /candiatures
Stack Trace:
#0 C:\Program Files (x86)\Ampps\www\GestionStages\vendor\cakephp\cakephp\src\Http\ControllerFactory.php(39): Cake\Http\ControllerFactory->missingController(Object(Cake\Http\ServerRequest))
#1 C:\Program Files (x86)\Ampps\www\GestionStages\vendor\cakephp\cakephp\src\Http\ActionDispatcher.php(91): Cake\Http\ControllerFactory->create(Object(Cake\Http\ServerRequest), Object(Cake\Http\Response))
#2 C:\Program Files (x86)\Ampps\www\GestionStages\vendor\cakephp\cakephp\src\Http\BaseApplication.php(235): Cake\Http\ActionDispatcher->dispatch(Object(Cake\Http\ServerRequest), Object(Cake\Http\Response))
#3 C:\Program Files (x86)\Ampps\www\GestionStages\vendor\cakephp\cakephp\src\Http\Runner.php(65): Cake\Http\BaseApplication->__invoke(Object(Cake\Http\ServerRequest), Object(Cake\Http\Response), Object(Cake\Http\Runner))
#4 C:\Program Files (x86)\Ampps\www\GestionStages\vendor\cakephp\cakephp\src\Http\Middleware\CsrfProtectionMiddleware.php(107): Cake\Http\Runner->__invoke(Object(Cake\Http\ServerRequest), Object(Cake\Http\Response))
#5 C:\Program Files (x86)\Ampps\www\GestionStages\vendor\cakephp\cakephp\src\Http\Runner.php(65): Cake\Http\Middleware\CsrfProtectionMiddleware->__invoke(Object(Cake\Http\ServerRequest), Object(Cake\Http\Response), Object(Cake\Http\Runner))
#6 C:\Program Files (x86)\Ampps\www\GestionStages\vendor\cakephp\cakephp\src\Routing\Middleware\RoutingMiddleware.php(156): Cake\Http\Runner->__invoke(Object(Cake\Http\ServerRequest), Object(Cake\Http\Response))
#7 C:\Program Files (x86)\Ampps\www\GestionStages\vendor\cakephp\cakephp\src\Http\Runner.php(65): Cake\Routing\Middleware\RoutingMiddleware->__invoke(Object(Cake\Http\ServerRequest), Object(Cake\Http\Response), Object(Cake\Http\Runner))
#8 C:\Program Files (x86)\Ampps\www\GestionStages\vendor\cakephp\cakephp\src\Routing\Middleware\AssetMiddleware.php(88): Cake\Http\Runner->__invoke(Object(Cake\Http\ServerRequest), Object(Cake\Http\Response))
#9 C:\Program Files (x86)\Ampps\www\GestionStages\vendor\cakephp\cakephp\src\Http\Runner.php(65): Cake\Routing\Middleware\AssetMiddleware->__invoke(Object(Cake\Http\ServerRequest), Object(Cake\Http\Response), Object(Cake\Http\Runner))
#10 C:\Program Files (x86)\Ampps\www\GestionStages\vendor\cakephp\cakephp\src\Error\Middleware\ErrorHandlerMiddleware.php(98): Cake\Http\Runner->__invoke(Object(Cake\Http\ServerRequest), Object(Cake\Http\Response))
#11 C:\Program Files (x86)\Ampps\www\GestionStages\vendor\cakephp\cakephp\src\Http\Runner.php(65): Cake\Error\Middleware\ErrorHandlerMiddleware->__invoke(Object(Cake\Http\ServerRequest), Object(Cake\Http\Response), Object(Cake\Http\Runner))
#12 C:\Program Files (x86)\Ampps\www\GestionStages\vendor\cakephp\debug_kit\src\Middleware\DebugKitMiddleware.php(53): Cake\Http\Runner->__invoke(Object(Cake\Http\ServerRequest), Object(Cake\Http\Response))
#13 C:\Program Files (x86)\Ampps\www\GestionStages\vendor\cakephp\cakephp\src\Http\Runner.php(65): DebugKit\Middleware\DebugKitMiddleware->__invoke(Object(Cake\Http\ServerRequest), Object(Cake\Http\Response), Object(Cake\Http\Runner))
#14 C:\Program Files (x86)\Ampps\www\GestionStages\vendor\cakephp\cakephp\src\Http\Runner.php(51): Cake\Http\Runner->__invoke(Object(Cake\Http\ServerRequest), Object(Cake\Http\Response))
#15 C:\Program Files (x86)\Ampps\www\GestionStages\vendor\cakephp\cakephp\src\Http\Server.php(98): Cake\Http\Runner->run(Object(Cake\Http\MiddlewareQueue), Object(Cake\Http\ServerRequest), Object(Cake\Http\Response))
#16 C:\Program Files (x86)\Ampps\www\GestionStages\webroot\index.php(40): Cake\Http\Server->run()
#17 {main}


2018-09-10 18:27:36 Error: [Cake\Routing\Exception\MissingControllerException] Controller class Candiatures could not be found.
Exception Attributes: array (
  'class' => 'Candiatures',
  'plugin' => false,
  'prefix' => false,
  '_ext' => false,
)
Request URL: /Candiatures
Stack Trace:
#0 C:\Program Files (x86)\Ampps\www\GestionStages\vendor\cakephp\cakephp\src\Http\ControllerFactory.php(39): Cake\Http\ControllerFactory->missingController(Object(Cake\Http\ServerRequest))
#1 C:\Program Files (x86)\Ampps\www\GestionStages\vendor\cakephp\cakephp\src\Http\ActionDispatcher.php(91): Cake\Http\ControllerFactory->create(Object(Cake\Http\ServerRequest), Object(Cake\Http\Response))
#2 C:\Program Files (x86)\Ampps\www\GestionStages\vendor\cakephp\cakephp\src\Http\BaseApplication.php(235): Cake\Http\ActionDispatcher->dispatch(Object(Cake\Http\ServerRequest), Object(Cake\Http\Response))
#3 C:\Program Files (x86)\Ampps\www\GestionStages\vendor\cakephp\cakephp\src\Http\Runner.php(65): Cake\Http\BaseApplication->__invoke(Object(Cake\Http\ServerRequest), Object(Cake\Http\Response), Object(Cake\Http\Runner))
#4 C:\Program Files (x86)\Ampps\www\GestionStages\vendor\cakephp\cakephp\src\Http\Middleware\CsrfProtectionMiddleware.php(107): Cake\Http\Runner->__invoke(Object(Cake\Http\ServerRequest), Object(Cake\Http\Response))
#5 C:\Program Files (x86)\Ampps\www\GestionStages\vendor\cakephp\cakephp\src\Http\Runner.php(65): Cake\Http\Middleware\CsrfProtectionMiddleware->__invoke(Object(Cake\Http\ServerRequest), Object(Cake\Http\Response), Object(Cake\Http\Runner))
#6 C:\Program Files (x86)\Ampps\www\GestionStages\vendor\cakephp\cakephp\src\Routing\Middleware\RoutingMiddleware.php(156): Cake\Http\Runner->__invoke(Object(Cake\Http\ServerRequest), Object(Cake\Http\Response))
#7 C:\Program Files (x86)\Ampps\www\GestionStages\vendor\cakephp\cakephp\src\Http\Runner.php(65): Cake\Routing\Middleware\RoutingMiddleware->__invoke(Object(Cake\Http\ServerRequest), Object(Cake\Http\Response), Object(Cake\Http\Runner))
#8 C:\Program Files (x86)\Ampps\www\GestionStages\vendor\cakephp\cakephp\src\Routing\Middleware\AssetMiddleware.php(88): Cake\Http\Runner->__invoke(Object(Cake\Http\ServerRequest), Object(Cake\Http\Response))
#9 C:\Program Files (x86)\Ampps\www\GestionStages\vendor\cakephp\cakephp\src\Http\Runner.php(65): Cake\Routing\Middleware\AssetMiddleware->__invoke(Object(Cake\Http\ServerRequest), Object(Cake\Http\Response), Object(Cake\Http\Runner))
#10 C:\Program Files (x86)\Ampps\www\GestionStages\vendor\cakephp\cakephp\src\Error\Middleware\ErrorHandlerMiddleware.php(98): Cake\Http\Runner->__invoke(Object(Cake\Http\ServerRequest), Object(Cake\Http\Response))
#11 C:\Program Files (x86)\Ampps\www\GestionStages\vendor\cakephp\cakephp\src\Http\Runner.php(65): Cake\Error\Middleware\ErrorHandlerMiddleware->__invoke(Object(Cake\Http\ServerRequest), Object(Cake\Http\Response), Object(Cake\Http\Runner))
#12 C:\Program Files (x86)\Ampps\www\GestionStages\vendor\cakephp\debug_kit\src\Middleware\DebugKitMiddleware.php(53): Cake\Http\Runner->__invoke(Object(Cake\Http\ServerRequest), Object(Cake\Http\Response))
#13 C:\Program Files (x86)\Ampps\www\GestionStages\vendor\cakephp\cakephp\src\Http\Runner.php(65): DebugKit\Middleware\DebugKitMiddleware->__invoke(Object(Cake\Http\ServerRequest), Object(Cake\Http\Response), Object(Cake\Http\Runner))
#14 C:\Program Files (x86)\Ampps\www\GestionStages\vendor\cakephp\cakephp\src\Http\Runner.php(51): Cake\Http\Runner->__invoke(Object(Cake\Http\ServerRequest), Object(Cake\Http\Response))
#15 C:\Program Files (x86)\Ampps\www\GestionStages\vendor\cakephp\cakephp\src\Http\Server.php(98): Cake\Http\Runner->run(Object(Cake\Http\MiddlewareQueue), Object(Cake\Http\ServerRequest), Object(Cake\Http\Response))
#16 C:\Program Files (x86)\Ampps\www\GestionStages\webroot\index.php(40): Cake\Http\Server->run()
#17 {main}


2018-09-10 18:30:41 Error: [PDOException] SQLSTATE[42000]: Syntax error or access violation: 1064 You have an error in your SQL syntax; check the manual that corresponds to your MySQL server version for the right syntax to use near 'AS `Users__last name`, Users.first name AS `Users__first name`, Users.program AS' at line 1
Request URL: /Users
Stack Trace:
#0 C:\Program Files (x86)\Ampps\www\GestionStages\vendor\cakephp\cakephp\src\Database\Statement\MysqlStatement.php(39): PDOStatement->execute(NULL)
#1 C:\Program Files (x86)\Ampps\www\GestionStages\vendor\cakephp\cakephp\src\Database\Statement\StatementDecorator.php(195): Cake\Database\Statement\MysqlStatement->execute(NULL)
#2 C:\Program Files (x86)\Ampps\www\GestionStages\vendor\cakephp\cakephp\src\Database\Log\LoggingStatement.php(56): Cake\Database\Statement\StatementDecorator->execute(NULL)
#3 C:\Program Files (x86)\Ampps\www\GestionStages\vendor\cakephp\cakephp\src\Database\Connection.php(334): Cake\Database\Log\LoggingStatement->execute()
#4 C:\Program Files (x86)\Ampps\www\GestionStages\vendor\cakephp\cakephp\src\Core\Retry\CommandRetry.php(68): Cake\Database\Connection->Cake\Database\{closure}()
#5 C:\Program Files (x86)\Ampps\www\GestionStages\vendor\cakephp\cakephp\src\Database\Connection.php(337): Cake\Core\Retry\CommandRetry->run(Object(Closure))
#6 C:\Program Files (x86)\Ampps\www\GestionStages\vendor\cakephp\cakephp\src\Database\Query.php(219): Cake\Database\Connection->run(Object(Cake\ORM\Query))
#7 C:\Program Files (x86)\Ampps\www\GestionStages\vendor\cakephp\cakephp\src\ORM\Query.php(1127): Cake\Database\Query->execute()
#8 C:\Program Files (x86)\Ampps\www\GestionStages\vendor\cakephp\cakephp\src\Datasource\QueryTrait.php(309): Cake\ORM\Query->_execute()
#9 C:\Program Files (x86)\Ampps\www\GestionStages\vendor\cakephp\cakephp\src\ORM\Query.php(1074): Cake\ORM\Query->_all()
#10 C:\Program Files (x86)\Ampps\www\GestionStages\vendor\cakephp\cakephp\src\Datasource\Paginator.php(186): Cake\ORM\Query->all()
#11 C:\Program Files (x86)\Ampps\www\GestionStages\vendor\cakephp\cakephp\src\Controller\Component\PaginatorComponent.php(201): Cake\Datasource\Paginator->paginate(Object(App\Model\Table\UsersTable), Array, Array)
#12 C:\Program Files (x86)\Ampps\www\GestionStages\vendor\cakephp\cakephp\src\Controller\Controller.php(872): Cake\Controller\Component\PaginatorComponent->paginate(Object(App\Model\Table\UsersTable), Array)
#13 C:\Program Files (x86)\Ampps\www\GestionStages\src\Controller\UsersController.php(22): Cake\Controller\Controller->paginate(Object(App\Model\Table\UsersTable))
#14 C:\Program Files (x86)\Ampps\www\GestionStages\vendor\cakephp\cakephp\src\Controller\Controller.php(596): App\Controller\UsersController->index()
#15 C:\Program Files (x86)\Ampps\www\GestionStages\vendor\cakephp\cakephp\src\Http\ActionDispatcher.php(120): Cake\Controller\Controller->invokeAction()
#16 C:\Program Files (x86)\Ampps\www\GestionStages\vendor\cakephp\cakephp\src\Http\ActionDispatcher.php(94): Cake\Http\ActionDispatcher->_invoke(Object(App\Controller\UsersController))
#17 C:\Program Files (x86)\Ampps\www\GestionStages\vendor\cakephp\cakephp\src\Http\BaseApplication.php(235): Cake\Http\ActionDispatcher->dispatch(Object(Cake\Http\ServerRequest), Object(Cake\Http\Response))
#18 C:\Program Files (x86)\Ampps\www\GestionStages\vendor\cakephp\cakephp\src\Http\Runner.php(65): Cake\Http\BaseApplication->__invoke(Object(Cake\Http\ServerRequest), Object(Cake\Http\Response), Object(Cake\Http\Runner))
#19 C:\Program Files (x86)\Ampps\www\GestionStages\vendor\cakephp\cakephp\src\Http\Middleware\CsrfProtectionMiddleware.php(107): Cake\Http\Runner->__invoke(Object(Cake\Http\ServerRequest), Object(Cake\Http\Response))
#20 C:\Program Files (x86)\Ampps\www\GestionStages\vendor\cakephp\cakephp\src\Http\Runner.php(65): Cake\Http\Middleware\CsrfProtectionMiddleware->__invoke(Object(Cake\Http\ServerRequest), Object(Cake\Http\Response), Object(Cake\Http\Runner))
#21 C:\Program Files (x86)\Ampps\www\GestionStages\vendor\cakephp\cakephp\src\Routing\Middleware\RoutingMiddleware.php(156): Cake\Http\Runner->__invoke(Object(Cake\Http\ServerRequest), Object(Cake\Http\Response))
#22 C:\Program Files (x86)\Ampps\www\GestionStages\vendor\cakephp\cakephp\src\Http\Runner.php(65): Cake\Routing\Middleware\RoutingMiddleware->__invoke(Object(Cake\Http\ServerRequest), Object(Cake\Http\Response), Object(Cake\Http\Runner))
#23 C:\Program Files (x86)\Ampps\www\GestionStages\vendor\cakephp\cakephp\src\Routing\Middleware\AssetMiddleware.php(88): Cake\Http\Runner->__invoke(Object(Cake\Http\ServerRequest), Object(Cake\Http\Response))
#24 C:\Program Files (x86)\Ampps\www\GestionStages\vendor\cakephp\cakephp\src\Http\Runner.php(65): Cake\Routing\Middleware\AssetMiddleware->__invoke(Object(Cake\Http\ServerRequest), Object(Cake\Http\Response), Object(Cake\Http\Runner))
#25 C:\Program Files (x86)\Ampps\www\GestionStages\vendor\cakephp\cakephp\src\Error\Middleware\ErrorHandlerMiddleware.php(98): Cake\Http\Runner->__invoke(Object(Cake\Http\ServerRequest), Object(Cake\Http\Response))
#26 C:\Program Files (x86)\Ampps\www\GestionStages\vendor\cakephp\cakephp\src\Http\Runner.php(65): Cake\Error\Middleware\ErrorHandlerMiddleware->__invoke(Object(Cake\Http\ServerRequest), Object(Cake\Http\Response), Object(Cake\Http\Runner))
#27 C:\Program Files (x86)\Ampps\www\GestionStages\vendor\cakephp\debug_kit\src\Middleware\DebugKitMiddleware.php(53): Cake\Http\Runner->__invoke(Object(Cake\Http\ServerRequest), Object(Cake\Http\Response))
#28 C:\Program Files (x86)\Ampps\www\GestionStages\vendor\cakephp\cakephp\src\Http\Runner.php(65): DebugKit\Middleware\DebugKitMiddleware->__invoke(Object(Cake\Http\ServerRequest), Object(Cake\Http\Response), Object(Cake\Http\Runner))
#29 C:\Program Files (x86)\Ampps\www\GestionStages\vendor\cakephp\cakephp\src\Http\Runner.php(51): Cake\Http\Runner->__invoke(Object(Cake\Http\ServerRequest), Object(Cake\Http\Response))
#30 C:\Program Files (x86)\Ampps\www\GestionStages\vendor\cakephp\cakephp\src\Http\Server.php(98): Cake\Http\Runner->run(Object(Cake\Http\MiddlewareQueue), Object(Cake\Http\ServerRequest), Object(Cake\Http\Response))
#31 C:\Program Files (x86)\Ampps\www\GestionStages\webroot\index.php(40): Cake\Http\Server->run()
#32 {main}


